# JRE version: OpenJDK Runtime Environment Temurin-21.0.5+11 (21.0.5+11) (build 21.0.5+11-LTS)
# Java VM: OpenJDK 64-Bit Server VM Temurin-21.0.5+11 (21.0.5+11-LTS, mixed mode, emulated-client, sharing, tiered, compressed oops, compressed class ptrs, g1 gc, windows-amd64)
GC Precious Log:
 CardTable entry size: 512
 Card Set container configuration: InlinePtr #cards 5 size 8 Array Of Cards #cards 12 size 40 Howl #buckets 4 coarsen threshold 1843 Howl Bitmap #cards 512 size 80 coarsen threshold 460 Card regions per heap region 1 cards per card region 2048
 CPUs: 4 total, 4 available
 Memory: 3534M
 Large Page Support: Disabled
 NUMA Support: Disabled
 Compressed Oops: Enabled (32-bit)
 Heap Region Size: 1M
 Heap Min Capacity: 8M
 Heap Initial Capacity: 56M
 Heap Max Capacity: 884M
 Pre-touch: Disabled
 Parallel Workers: 4
 Concurrent Workers: 1
 Concurrent Refinement Workers: 4
 Periodic GC: Disabled
Heap:
 garbage-first heap   total 69632K, used 62290K [0x00000000c8c00000, 0x0000000100000000)
  region size 1024K, 29 young (29696K), 2 survivors (2048K)
 Metaspace       used 35637K, committed 36160K, reserved 1114112K
  class space    used 4831K, committed 5056K, reserved 1048576K
GC Heap History (20 events):
Event: 1.775 GC heap after
{Heap after GC invocations=1 (full 0):
 garbage-first heap   total 57344K, used 10081K [0x00000000c8c00000, 0x0000000100000000)
  region size 1024K, 2 young (2048K), 2 survivors (2048K)
 Metaspace       used 1833K, committed 1920K, reserved 1114112K
  class space    used 202K, committed 256K, reserved 1048576K
}
Event: 2.697 GC heap before
{Heap before GC invocations=1 (full 0):
 garbage-first heap   total 57344K, used 18273K [0x00000000c8c00000, 0x0000000100000000)
  region size 1024K, 10 young (10240K), 2 survivors (2048K)
 Metaspace       used 5369K, committed 5504K, reserved 1114112K
  class space    used 638K, committed 704K, reserved 1048576K
}
Event: 2.706 GC heap after
{Heap after GC invocations=2 (full 0):
 garbage-first heap   total 57344K, used 11586K [0x00000000c8c00000, 0x0000000100000000)
  region size 1024K, 2 young (2048K), 2 survivors (2048K)
 Metaspace       used 5369K, committed 5504K, reserved 1114112K
  class space    used 638K, committed 704K, reserved 1048576K
}
Event: 3.850 GC heap before
{Heap before GC invocations=2 (full 0):
 garbage-first heap   total 57344K, used 30018K [0x00000000c8c00000, 0x0000000100000000)
  region size 1024K, 19 young (19456K), 2 survivors (2048K)
 Metaspace       used 8191K, committed 8512K, reserved 1114112K
  class space    used 1020K, committed 1152K, reserved 1048576K
}
Event: 3.862 GC heap after
{Heap after GC invocations=3 (full 0):
 garbage-first heap   total 57344K, used 14884K [0x00000000c8c00000, 0x0000000100000000)
  region size 1024K, 3 young (3072K), 3 survivors (3072K)
 Metaspace       used 8191K, committed 8512K, reserved 1114112K
  class space    used 1020K, committed 1152K, reserved 1048576K
}
Event: 5.214 GC heap before
{Heap before GC invocations=3 (full 0):
 garbage-first heap   total 57344K, used 37412K [0x00000000c8c00000, 0x0000000100000000)
  region size 1024K, 25 young (25600K), 3 survivors (3072K)
 Metaspace       used 12139K, committed 12544K, reserved 1114112K
  class space    used 1658K, committed 1856K, reserved 1048576K
}
Event: 5.228 GC heap after
{Heap after GC invocations=4 (full 0):
 garbage-first heap   total 57344K, used 15461K [0x00000000c8c00000, 0x0000000100000000)
  region size 1024K, 4 young (4096K), 4 survivors (4096K)
 Metaspace       used 12139K, committed 12544K, reserved 1114112K
  class space    used 1658K, committed 1856K, reserved 1048576K
}
Event: 6.363 GC heap before
{Heap before GC invocations=4 (full 0):
 garbage-first heap   total 57344K, used 41061K [0x00000000c8c00000, 0x0000000100000000)
  region size 1024K, 30 young (30720K), 4 survivors (4096K)
 Metaspace       used 16708K, committed 17088K, reserved 1114112K
  class space    used 2379K, committed 2560K, reserved 1048576K
}
Event: 6.373 GC heap after
{Heap after GC invocations=5 (full 0):
 garbage-first heap   total 57344K, used 17151K [0x00000000c8c00000, 0x0000000100000000)
  region size 1024K, 4 young (4096K), 4 survivors (4096K)
 Metaspace       used 16708K, committed 17088K, reserved 1114112K
  class space    used 2379K, committed 2560K, reserved 1048576K
}
Event: 7.492 GC heap before
{Heap before GC invocations=5 (full 0):
 garbage-first heap   total 57344K, used 34559K [0x00000000c8c00000, 0x0000000100000000)
  region size 1024K, 23 young (23552K), 4 survivors (4096K)
 Metaspace       used 21121K, committed 21504K, reserved 1114112K
  class space    used 2862K, committed 3008K, reserved 1048576K
}
Event: 7.500 GC heap after
{Heap after GC invocations=6 (full 0):
 garbage-first heap   total 57344K, used 18168K [0x00000000c8c00000, 0x0000000100000000)
  region size 1024K, 3 young (3072K), 3 survivors (3072K)
 Metaspace       used 21121K, committed 21504K, reserved 1114112K
  class space    used 2862K, committed 3008K, reserved 1048576K
}
Event: 12.788 GC heap before
{Heap before GC invocations=7 (full 0):
 garbage-first heap   total 57344K, used 43768K [0x00000000c8c00000, 0x0000000100000000)
  region size 1024K, 29 young (29696K), 3 survivors (3072K)
 Metaspace       used 23665K, committed 24128K, reserved 1114112K
  class space    used 3215K, committed 3456K, reserved 1048576K
}
Event: 12.797 GC heap after
{Heap after GC invocations=8 (full 0):
 garbage-first heap   total 69632K, used 21343K [0x00000000c8c00000, 0x0000000100000000)
  region size 1024K, 4 young (4096K), 4 survivors (4096K)
 Metaspace       used 23665K, committed 24128K, reserved 1114112K
  class space    used 3215K, committed 3456K, reserved 1048576K
}
Event: 15.211 GC heap before
{Heap before GC invocations=8 (full 0):
 garbage-first heap   total 69632K, used 56159K [0x00000000c8c00000, 0x0000000100000000)
  region size 1024K, 38 young (38912K), 4 survivors (4096K)
 Metaspace       used 27004K, committed 27456K, reserved 1114112K
  class space    used 3649K, committed 3904K, reserved 1048576K
}
Event: 15.226 GC heap after
{Heap after GC invocations=9 (full 0):
 garbage-first heap   total 69632K, used 23532K [0x00000000c8c00000, 0x0000000100000000)
  region size 1024K, 3 young (3072K), 3 survivors (3072K)
 Metaspace       used 27004K, committed 27456K, reserved 1114112K
  class space    used 3649K, committed 3904K, reserved 1048576K
}
Event: 19.990 GC heap before
{Heap before GC invocations=9 (full 0):
 garbage-first heap   total 69632K, used 55276K [0x00000000c8c00000, 0x0000000100000000)
  region size 1024K, 35 young (35840K), 3 survivors (3072K)
 Metaspace       used 30210K, committed 30720K, reserved 1114112K
  class space    used 4102K, committed 4352K, reserved 1048576K
}
Event: 19.999 GC heap after
{Heap after GC invocations=10 (full 0):
 garbage-first heap   total 69632K, used 25405K [0x00000000c8c00000, 0x0000000100000000)
  region size 1024K, 5 young (5120K), 5 survivors (5120K)
 Metaspace       used 30210K, committed 30720K, reserved 1114112K
  class space    used 4102K, committed 4352K, reserved 1048576K
}
Event: 21.821 GC heap before
{Heap before GC invocations=10 (full 0):
 garbage-first heap   total 69632K, used 57149K [0x00000000c8c00000, 0x0000000100000000)
  region size 1024K, 37 young (37888K), 5 survivors (5120K)
 Metaspace       used 34355K, committed 34944K, reserved 1114112K
  class space    used 4703K, committed 4992K, reserved 1048576K
}
Event: 21.833 GC heap after
{Heap after GC invocations=11 (full 0):
 garbage-first heap   total 69632K, used 28486K [0x00000000c8c00000, 0x0000000100000000)
  region size 1024K, 5 young (5120K), 5 survivors (5120K)
 Metaspace       used 34355K, committed 34944K, reserved 1114112K
  class space    used 4703K, committed 4992K, reserved 1048576K
}
Event: 22.363 GC heap before
{Heap before GC invocations=11 (full 0):
 garbage-first heap   total 69632K, used 61254K [0x00000000c8c00000, 0x0000000100000000)
  region size 1024K, 32 young (32768K), 5 survivors (5120K)
 Metaspace       used 35637K, committed 36160K, reserved 1114112K
  class space    used 4831K, committed 5056K, reserved 1048576K
}

