<?xml version="1.0" encoding="UTF-8"?>
<testsuite xmlns:xsi="http://www.w3.org/2001/XMLSchema-instance" xsi:noNamespaceSchemaLocation="https://maven.apache.org/surefire/maven-surefire-plugin/xsd/surefire-test-report.xsd" version="3.0.2" name="com.one.aim.AimApplicationTests" time="8.484" tests="1" errors="0" skipped="0" failures="0">
  <properties>
[...]
</properties>
  <testcase name="contextLoads" classname="com.one.aim.AimApplicationTests" time="0.505">
    <system-out><![CDATA[Standard Commons Logging discovery in action with spring-jcl: please remove commons-logging.jar from classpath in order to avoid potential conflicts
12:26:55.030 [main] INFO org.springframework.test.context.support.AnnotationConfigContextLoaderUtils -- Could not detect default configuration classes for test class [com.one.aim.AimApplicationTests]: AimApplicationTests does not declare any static, non-private, non-final, nested classes annotated with @Configuration.
12:26:55.193 [main] INFO org.springframework.boot.test.context.SpringBootTestContextBootstrapper -- Found @SpringBootConfiguration com.one.AimApplication for test class com.one.aim.AimApplicationTests
12:26:55.368 [main] INFO org.springframework.boot.devtools.restart.RestartApplicationListener -- Restart disabled due to context in which it is running

  .   ____          _            __ _ _
 /\\ / ___'_ __ _ _(_)_ __  __ _ \ \ \ \
( ( )\___ | '_ | '_| | '_ \/ _` | \ \ \ \
 \\/  ___)| |_)| | | | | || (_| |  ) ) ) )
  '  |____| .__|_| |_|_| |_\__, | / / / /
 =========|_|==============|___/=/_/_/_/

 :: Spring Boot ::                (v3.4.4)

2025-11-13 12:26:55.745 INFO  c.o.a.AimApplicationTests [StartupInfoLogger.java:53] - Starting AimApplicationTests using Java 23.0.2 with PID 18216 (started by 91805 in E:\WebArcLight\e-com-website-main)
2025-11-13 12:26:55.749 INFO  c.o.a.AimApplicationTests [SpringApplication.java:658] - The following 1 profile is active: "dev"
2025-11-13 12:26:57.627 INFO  o.h.j.i.u.LogHelper [LogHelper.java:31] - HHH000204: Processing PersistenceUnitInfo [name: default]
2025-11-13 12:26:57.694 INFO  o.h.Version [Version.java:44] - HHH000412: Hibernate ORM core version 6.6.11.Final
2025-11-13 12:26:57.734 INFO  o.h.c.i.RegionFactoryInitiator [RegionFactoryInitiator.java:50] - HHH000026: Second-level cache disabled
2025-11-13 12:26:58.111 INFO  c.z.h.HikariDataSource [HikariDataSource.java:109] - HikariPool-1 - Starting...
2025-11-13 12:26:58.440 INFO  c.z.h.p.HikariPool [HikariPool.java:554] - HikariPool-1 - Added connection com.mysql.cj.jdbc.ConnectionImpl@38b54694
2025-11-13 12:26:58.442 INFO  c.z.h.HikariDataSource [HikariDataSource.java:122] - HikariPool-1 - Start completed.
2025-11-13 12:26:58.483 WARN  o.h.o.deprecation [DialectFactoryImpl.java:153] - HHH90000025: MySQL8Dialect does not need to be specified explicitly using 'hibernate.dialect' (remove the property setting and it will be selected by default)
2025-11-13 12:26:58.485 WARN  o.h.o.deprecation [DialectFactoryImpl.java:101] - HHH90000026: MySQL8Dialect has been deprecated; use org.hibernate.dialect.MySQLDialect instead
2025-11-13 12:26:58.503 INFO  o.h.o.c.pooling [JdbcEnvironmentInitiator.java:157] - HHH10001005: Database info:
	Database JDBC URL [Connecting through datasource 'HikariDataSource (HikariPool-1)']
	Database driver: undefined/unknown
	Database version: 8.0
	Autocommit mode: undefined/unknown
	Isolation level: undefined/unknown
	Minimum pool size: undefined/unknown
	Maximum pool size: undefined/unknown
2025-11-13 12:26:59.621 INFO  o.h.e.t.j.p.i.JtaPlatformInitiator [JtaPlatformInitiator.java:59] - HHH000489: No JTA platform available (set 'hibernate.transaction.jta.platform' to enable JTA platform integration)
2025-11-13 12:27:00.224 INFO  o.s.s.c.a.a.c.InitializeAuthenticationProviderBeanManagerConfigurer$InitializeAuthenticationProviderManagerConfigurer [InitializeAuthenticationProviderBeanManagerConfigurer.java:80] - Global AuthenticationManager configured with AuthenticationProvider bean with name authenticationProvider
2025-11-13 12:27:00.225 WARN  o.s.s.c.a.a.c.InitializeUserDetailsBeanManagerConfigurer$InitializeUserDetailsManagerConfigurer [InitializeUserDetailsBeanManagerConfigurer.java:73] - Global AuthenticationManager configured with an AuthenticationProvider bean. UserDetailsService beans will not be used by Spring Security for automatically configuring username/password login. Consider removing the AuthenticationProvider bean. Alternatively, consider using the UserDetailsService in a manually instantiated DaoAuthenticationProvider. If the current configuration is intentional, to turn off this warning, increase the logging level of 'org.springframework.security.config.annotation.authentication.configuration.InitializeUserDetailsBeanManagerConfigurer' to ERROR
2025-11-13 12:27:02.357 DEBUG o.s.s.w.DefaultSecurityFilterChain [DefaultSecurityFilterChain.java:72] - Will secure any request with filters: DisableEncodeUrlFilter, WebAsyncManagerIntegrationFilter, SecurityContextHolderFilter, HeaderWriterFilter, CorsFilter, LogoutFilter, AuthTokenFilter, RequestCacheAwareFilter, SecurityContextHolderAwareRequestFilter, AnonymousAuthenticationFilter, SessionManagementFilter, ExceptionTranslationFilter, AuthorizationFilter
2025-11-13 12:27:02.369 WARN  o.s.s.c.a.w.b.WebSecurity [WebSecurity.java:306] - You are asking Spring Security to ignore Deferred [Mvc [pattern='/swagger-ui.html'], Ant [pattern='/swagger-ui.html']]. This is not recommended -- please use permitAll via HttpSecurity#authorizeHttpRequests instead.
2025-11-13 12:27:02.370 DEBUG o.s.s.w.DefaultSecurityFilterChain [DefaultSecurityFilterChain.java:64] - Will not secure Deferred [Mvc [pattern='/swagger-ui.html'], Ant [pattern='/swagger-ui.html']]
2025-11-13 12:27:02.370 WARN  o.s.s.c.a.w.b.WebSecurity [WebSecurity.java:306] - You are asking Spring Security to ignore Deferred [Mvc [pattern='/swagger-ui/**'], Ant [pattern='/swagger-ui/**']]. This is not recommended -- please use permitAll via HttpSecurity#authorizeHttpRequests instead.
2025-11-13 12:27:02.371 DEBUG o.s.s.w.DefaultSecurityFilterChain [DefaultSecurityFilterChain.java:64] - Will not secure Deferred [Mvc [pattern='/swagger-ui/**'], Ant [pattern='/swagger-ui/**']]
2025-11-13 12:27:02.371 WARN  o.s.s.c.a.w.b.WebSecurity [WebSecurity.java:306] - You are asking Spring Security to ignore Deferred [Mvc [pattern='/v3/api-docs/**'], Ant [pattern='/v3/api-docs/**']]. This is not recommended -- please use permitAll via HttpSecurity#authorizeHttpRequests instead.
2025-11-13 12:27:02.371 DEBUG o.s.s.w.DefaultSecurityFilterChain [DefaultSecurityFilterChain.java:64] - Will not secure Deferred [Mvc [pattern='/v3/api-docs/**'], Ant [pattern='/v3/api-docs/**']]
2025-11-13 12:27:02.371 WARN  o.s.s.c.a.w.b.WebSecurity [WebSecurity.java:306] - You are asking Spring Security to ignore Deferred [Mvc [pattern='/actuator/**'], Ant [pattern='/actuator/**']]. This is not recommended -- please use permitAll via HttpSecurity#authorizeHttpRequests instead.
2025-11-13 12:27:02.371 DEBUG o.s.s.w.DefaultSecurityFilterChain [DefaultSecurityFilterChain.java:64] - Will not secure Deferred [Mvc [pattern='/actuator/**'], Ant [pattern='/actuator/**']]
2025-11-13 12:27:02.371 WARN  o.s.s.c.a.w.b.WebSecurity [WebSecurity.java:306] - You are asking Spring Security to ignore Deferred [Mvc [pattern='/error/**'], Ant [pattern='/error/**']]. This is not recommended -- please use permitAll via HttpSecurity#authorizeHttpRequests instead.
2025-11-13 12:27:02.371 DEBUG o.s.s.w.DefaultSecurityFilterChain [DefaultSecurityFilterChain.java:64] - Will not secure Deferred [Mvc [pattern='/error/**'], Ant [pattern='/error/**']]
2025-11-13 12:27:02.812 INFO  c.o.a.AimApplicationTests [StartupInfoLogger.java:59] - Started AimApplicationTests in 7.458 seconds (process running for 8.622)
]]></system-out>
    <system-err><![CDATA[Mockito is currently self-attaching to enable the inline-mock-maker. This will no longer work in future releases of the JDK. Please add Mockito as an agent to your build what is described in Mockito's documentation: https://javadoc.io/doc/org.mockito/mockito-core/latest/org/mockito/Mockito.html#0.3
WARNING: A Java agent has been loaded dynamically (C:\Users\91805\.m2\repository\net\bytebuddy\byte-buddy-agent\1.15.11\byte-buddy-agent-1.15.11.jar)
WARNING: If a serviceability tool is in use, please run with -XX:+EnableDynamicAgentLoading to hide this warning
WARNING: If a serviceability tool is not in use, please run with -Djdk.instrument.traceUsage for more information
WARNING: Dynamic loading of agents will be disallowed by default in a future release
]]></system-err>
  </testcase>
</testsuite>